<?xml version="1.0" encoding="UTF-8"?>
<robot generator="Robot 4.1.2 (Python 3.9.6 on win32)" generated="20211112 17:31:12.004" rpa="false" schemaversion="2">
<suite id="s1" name="TC 03 DBTesting" source="C:\Users\arun.jain\PycharmProjects\AutomationPOC\TestCases\TC_03_DBTesting.robot">
<kw name="Connect DB" library="DBCommonKeywords" type="SETUP">
<kw name="Connect To Database" library="DatabaseLibrary">
<arg>pymysql</arg>
<arg>${dbName}</arg>
<arg>${dbUser}</arg>
<arg>${dbPass}</arg>
<arg>${dbHost}</arg>
<arg>${dbPort}</arg>
<doc>Loads the DB API 2.0 module given `dbapiModuleName` then uses it to
connect to the database using `dbName`, `dbUsername`, and `dbPassword`.</doc>
<msg timestamp="20211112 17:31:12.120" level="INFO">Connecting using : pymysql.connect(db=mydb, user=root, passwd=Test@123, host=127.0.0.1, port=3306, charset=None) </msg>
<status status="PASS" starttime="20211112 17:31:12.104" endtime="20211112 17:31:12.135"/>
</kw>
<status status="PASS" starttime="20211112 17:31:12.104" endtime="20211112 17:31:12.135"/>
</kw>
<test id="s1-t1" name="Check Om record present in Person Table">
<kw name="Check If Exists In Database" library="DatabaseLibrary">
<arg>select id from mydb.person where first_name="Om";</arg>
<doc>Check if any row would be returned by given the input `selectStatement`. If there are no results, then this will
throw an AssertionError. Set optional input `sansTran` to True to run command without an explicit transaction
commit or rollback.</doc>
<msg timestamp="20211112 17:31:12.135" level="INFO">Executing : Check If Exists In Database  |  select id from mydb.person where first_name="Om"; </msg>
<msg timestamp="20211112 17:31:12.135" level="INFO">Executing : Query  |  select id from mydb.person where first_name="Om"; </msg>
<status status="PASS" starttime="20211112 17:31:12.135" endtime="20211112 17:31:12.135"/>
</kw>
<status status="PASS" starttime="20211112 17:31:12.135" endtime="20211112 17:31:12.135"/>
</test>
<test id="s1-t2" name="Retrive Single Record">
<kw name="Retrive Single Record From The Table" library="DBCommonKeywords">
<var>${name}</var>
<arg>${personTable}</arg>
<arg>id</arg>
<arg>${personTableFirstNameCol}</arg>
<arg>'Arun'</arg>
<kw name="Query" library="DatabaseLibrary">
<var>${data}</var>
<arg>select ${col1} from ${tableName} where ${col2}=${value};</arg>
<doc>Uses the input `selectStatement` to query for the values that will be returned as a list of tuples. Set optional
input `sansTran` to True to run command without an explicit transaction commit or rollback.
Set optional input `returnAsDict` to True to return values as a list of dictionaries.</doc>
<msg timestamp="20211112 17:31:12.151" level="INFO">Executing : Query  |  select id from mydb.person where first_name='Arun'; </msg>
<msg timestamp="20211112 17:31:12.151" level="INFO">${data} = ((101,),)</msg>
<status status="PASS" starttime="20211112 17:31:12.151" endtime="20211112 17:31:12.151"/>
</kw>
<kw name="Data Trim" library="DBCommonKeywords">
<var>${data}</var>
<arg>${data}</arg>
<kw name="Convert To String" library="BuiltIn">
<var>${data}</var>
<arg>${data}</arg>
<doc>Converts the given item to a Unicode string.</doc>
<msg timestamp="20211112 17:31:12.151" level="INFO">${data} = ((101,),)</msg>
<status status="PASS" starttime="20211112 17:31:12.151" endtime="20211112 17:31:12.151"/>
</kw>
<kw name="Remove String" library="String">
<var>${data}</var>
<arg>${data}</arg>
<arg>((</arg>
<doc>Removes all ``removables`` from the given ``string``.</doc>
<msg timestamp="20211112 17:31:12.151" level="INFO">${data} = 101,),)</msg>
<status status="PASS" starttime="20211112 17:31:12.151" endtime="20211112 17:31:12.151"/>
</kw>
<kw name="Remove String" library="String">
<var>${data}</var>
<arg>${data}</arg>
<arg>,),)</arg>
<doc>Removes all ``removables`` from the given ``string``.</doc>
<msg timestamp="20211112 17:31:12.151" level="INFO">${data} = 101</msg>
<status status="PASS" starttime="20211112 17:31:12.151" endtime="20211112 17:31:12.151"/>
</kw>
<msg timestamp="20211112 17:31:12.151" level="INFO">${data} = 101</msg>
<status status="PASS" starttime="20211112 17:31:12.151" endtime="20211112 17:31:12.151"/>
</kw>
<kw name="Log" library="BuiltIn">
<arg>${data}</arg>
<doc>Logs the given message with the given level.</doc>
<msg timestamp="20211112 17:31:12.151" level="INFO">101</msg>
<status status="PASS" starttime="20211112 17:31:12.151" endtime="20211112 17:31:12.151"/>
</kw>
<kw name="Log To Console" library="BuiltIn">
<arg>${data}</arg>
<doc>Logs the given message to the console.</doc>
<status status="PASS" starttime="20211112 17:31:12.151" endtime="20211112 17:31:12.151"/>
</kw>
<msg timestamp="20211112 17:31:12.151" level="INFO">${name} = 101</msg>
<status status="PASS" starttime="20211112 17:31:12.151" endtime="20211112 17:31:12.151"/>
</kw>
<status status="PASS" starttime="20211112 17:31:12.135" endtime="20211112 17:31:12.151"/>
</test>
<kw name="Disconnect DB" library="DBCommonKeywords" type="TEARDOWN">
<kw name="Disconnect From Database" library="DatabaseLibrary">
<doc>Disconnects from the database.</doc>
<msg timestamp="20211112 17:31:12.151" level="INFO">Executing : Disconnect From Database</msg>
<status status="PASS" starttime="20211112 17:31:12.151" endtime="20211112 17:31:12.151"/>
</kw>
<status status="PASS" starttime="20211112 17:31:12.151" endtime="20211112 17:31:12.151"/>
</kw>
<status status="PASS" starttime="20211112 17:31:12.020" endtime="20211112 17:31:12.151"/>
</suite>
<statistics>
<total>
<stat pass="2" fail="0" skip="0">All Tests</stat>
</total>
<tag>
</tag>
<suite>
<stat pass="2" fail="0" skip="0" id="s1" name="TC 03 DBTesting">TC 03 DBTesting</stat>
</suite>
</statistics>
<errors>
</errors>
</robot>
